Determining if the pthread_create exist failed with the following output:
Change Dir: /home/benjamin/projects/CompressionStreamer/build/CMakeFiles/CMakeTmp

Run Build Command:/usr/bin/make "cmTryCompileExec1266388280/fast"
make[1]: Entering directory `/home/benjamin/projects/CompressionStreamer/build/CMakeFiles/CMakeTmp'
/usr/bin/make -f CMakeFiles/cmTryCompileExec1266388280.dir/build.make CMakeFiles/cmTryCompileExec1266388280.dir/build
make[2]: Entering directory `/home/benjamin/projects/CompressionStreamer/build/CMakeFiles/CMakeTmp'
/usr/bin/cmake -E cmake_progress_report /home/benjamin/projects/CompressionStreamer/build/CMakeFiles/CMakeTmp/CMakeFiles 1
Building C object CMakeFiles/cmTryCompileExec1266388280.dir/CheckSymbolExists.c.o
/usr/bin/gcc    -o CMakeFiles/cmTryCompileExec1266388280.dir/CheckSymbolExists.c.o   -c /home/benjamin/projects/CompressionStreamer/build/CMakeFiles/CMakeTmp/CheckSymbolExists.c
Linking C executable cmTryCompileExec1266388280
/usr/bin/cmake -E cmake_link_script CMakeFiles/cmTryCompileExec1266388280.dir/link.txt --verbose=1
/usr/bin/gcc         CMakeFiles/cmTryCompileExec1266388280.dir/CheckSymbolExists.c.o  -o cmTryCompileExec1266388280 -rdynamic 
CMakeFiles/cmTryCompileExec1266388280.dir/CheckSymbolExists.c.o: In function `main':
CheckSymbolExists.c:(.text+0x16): undefined reference to `pthread_create'
collect2: error: ld returned 1 exit status
make[2]: *** [cmTryCompileExec1266388280] Error 1
make[2]: Leaving directory `/home/benjamin/projects/CompressionStreamer/build/CMakeFiles/CMakeTmp'
make[1]: Leaving directory `/home/benjamin/projects/CompressionStreamer/build/CMakeFiles/CMakeTmp'
make[1]: *** [cmTryCompileExec1266388280/fast] Error 2

File /home/benjamin/projects/CompressionStreamer/build/CMakeFiles/CMakeTmp/CheckSymbolExists.c:
/* */
#include <pthread.h>

int main(int argc, char** argv)
{
  (void)argv;
#ifndef pthread_create
  return ((int*)(&pthread_create))[argc];
#else
  (void)argc;
  return 0;
#endif
}

Determining if the function pthread_create exists in the pthreads failed with the following output:
Change Dir: /home/benjamin/projects/CompressionStreamer/build/CMakeFiles/CMakeTmp

Run Build Command:/usr/bin/make "cmTryCompileExec912534602/fast"
make[1]: Entering directory `/home/benjamin/projects/CompressionStreamer/build/CMakeFiles/CMakeTmp'
/usr/bin/make -f CMakeFiles/cmTryCompileExec912534602.dir/build.make CMakeFiles/cmTryCompileExec912534602.dir/build
make[2]: Entering directory `/home/benjamin/projects/CompressionStreamer/build/CMakeFiles/CMakeTmp'
/usr/bin/cmake -E cmake_progress_report /home/benjamin/projects/CompressionStreamer/build/CMakeFiles/CMakeTmp/CMakeFiles 1
Building C object CMakeFiles/cmTryCompileExec912534602.dir/CheckFunctionExists.c.o
/usr/bin/gcc   -DCHECK_FUNCTION_EXISTS=pthread_create   -o CMakeFiles/cmTryCompileExec912534602.dir/CheckFunctionExists.c.o   -c /usr/share/cmake-2.8/Modules/CheckFunctionExists.c
Linking C executable cmTryCompileExec912534602
/usr/bin/cmake -E cmake_link_script CMakeFiles/cmTryCompileExec912534602.dir/link.txt --verbose=1
/usr/bin/gcc     -DCHECK_FUNCTION_EXISTS=pthread_create    CMakeFiles/cmTryCompileExec912534602.dir/CheckFunctionExists.c.o  -o cmTryCompileExec912534602 -rdynamic -lpthreads 
/usr/bin/ld: cannot find -lpthreads
collect2: error: ld returned 1 exit status
make[2]: *** [cmTryCompileExec912534602] Error 1
make[2]: Leaving directory `/home/benjamin/projects/CompressionStreamer/build/CMakeFiles/CMakeTmp'
make[1]: *** [cmTryCompileExec912534602/fast] Error 2
make[1]: Leaving directory `/home/benjamin/projects/CompressionStreamer/build/CMakeFiles/CMakeTmp'


